01-Jun-2020 19:32:51.494 INFO  generics.BaseTest -=======================================================================
01-Jun-2020 19:32:51.537 INFO  generics.BaseTest -Path set up successful
01-Jun-2020 19:32:56.303 INFO  pages.LoginPage -=======================================================================
01-Jun-2020 19:32:56.305 INFO  pages.LoginPage -Initialization of elements successfull for Login Page elements!!
01-Jun-2020 19:32:56.306 INFO  pages.LoginPage -=======================================================================
01-Jun-2020 19:32:58.758 INFO  generics.BaseTest -Chrome browser window is maximized
01-Jun-2020 19:33:18.871 INFO  generics.BaseTest -Current url opened is: https://www.zoho.com/crm/crmplus
01-Jun-2020 19:33:20.658 INFO  pages.LoginPage -login button is displayed
01-Jun-2020 19:33:38.094 INFO  pages.LoginPage -login button is clicked
01-Jun-2020 19:33:38.437 INFO  pages.LoginPage -Email text field is displayed
01-Jun-2020 19:33:40.731 INFO  pages.LoginPage -Email is filled
01-Jun-2020 19:33:41.118 INFO  pages.LoginPage -Next Button is displayed
01-Jun-2020 19:33:41.718 INFO  pages.LoginPage -After Email NextBtn is clicked
01-Jun-2020 19:33:42.161 INFO  pages.LoginPage -Password text field is displayed
01-Jun-2020 19:33:42.510 INFO  pages.LoginPage -Password is filled
01-Jun-2020 19:33:42.947 INFO  pages.LoginPage -Sign in button is displayed
01-Jun-2020 19:33:43.618 INFO  pages.LoginPage -Sign in button is clicked
01-Jun-2020 19:33:52.967 DEBUG generics.BaseTest -Element is not clickable
01-Jun-2020 19:33:52.967 INFO  pages.LoginPage -yes I understand is visible
01-Jun-2020 19:33:52.968 INFO  CommonDP.ProductsScript -(Yes I understand) is not Displayed, but handled
01-Jun-2020 19:33:53.012 INFO  generics.BaseTest -loginis sucessfully executed
01-Jun-2020 19:34:24.949 INFO  generics.BaseTest -=======================================================================
01-Jun-2020 19:34:24.985 DEBUG generics.BaseTest -Chrome browser is launched successfully!!
01-Jun-2020 19:34:24.985 INFO  generics.BaseTest -=======================================================================
01-Jun-2020 19:34:24.990 INFO  generics.BaseTest -Path set up successful
01-Jun-2020 19:34:29.812 INFO  pages.LoginPage -=======================================================================
01-Jun-2020 19:34:29.814 INFO  pages.LoginPage -Initialization of elements successfull for Login Page elements!!
01-Jun-2020 19:34:29.814 INFO  pages.LoginPage -=======================================================================
01-Jun-2020 19:34:32.291 INFO  generics.BaseTest -Chrome browser window is maximized
01-Jun-2020 19:34:56.649 INFO  generics.BaseTest -Current url opened is: https://www.zoho.com/crm/crmplus
01-Jun-2020 19:35:01.108 INFO  pages.LoginPage -login button is displayed
01-Jun-2020 19:35:16.648 INFO  pages.LoginPage -login button is clicked
01-Jun-2020 19:35:17.334 INFO  pages.LoginPage -Email text field is displayed
01-Jun-2020 19:35:20.235 INFO  pages.LoginPage -Email is filled
01-Jun-2020 19:35:20.706 INFO  pages.LoginPage -Next Button is displayed
01-Jun-2020 19:35:21.221 INFO  pages.LoginPage -After Email NextBtn is clicked
01-Jun-2020 19:35:21.939 INFO  pages.LoginPage -Password text field is displayed
01-Jun-2020 19:35:23.078 INFO  pages.LoginPage -Password is filled
01-Jun-2020 19:35:23.736 INFO  pages.LoginPage -Sign in button is displayed
01-Jun-2020 19:35:24.571 INFO  pages.LoginPage -Sign in button is clicked
01-Jun-2020 19:36:02.088 DEBUG generics.BaseTest -Element is not clickable
01-Jun-2020 19:36:02.089 INFO  pages.LoginPage -yes I understand is visible
01-Jun-2020 19:36:02.089 INFO  CommonDP.ProductsScript -(Yes I understand) is not Displayed, but handled
01-Jun-2020 19:36:02.114 INFO  generics.BaseTest -loginis sucessfully executed
01-Jun-2020 19:36:05.343 INFO  pages.ProductsPage -=======================================================================
01-Jun-2020 19:36:05.343 INFO  pages.ProductsPage -Initialization of elements successfull for Products Page elements!!
01-Jun-2020 19:36:05.343 INFO  pages.ProductsPage -=======================================================================
01-Jun-2020 19:36:22.537 INFO  pages.ProductsPage -moreOptions textfield is displayed
01-Jun-2020 19:36:30.469 INFO  pages.ProductsPage -moreOptions is clicked
01-Jun-2020 19:36:35.761 INFO  pages.ProductsPage -searchBox textfield is displayed
01-Jun-2020 19:36:49.687 INFO  pages.ProductsPage -searchBox is filled
01-Jun-2020 19:36:54.035 INFO  pages.ProductsPage -purchaseOrders link is displayed
01-Jun-2020 19:36:56.715 INFO  pages.ProductsPage -purchaseOrders is clicked
01-Jun-2020 19:37:17.489 INFO  pages.ProductsPage -=======================================================================
01-Jun-2020 19:37:17.490 INFO  pages.ProductsPage -=======================================================================
01-Jun-2020 19:59:59.857 INFO  generics.BaseTest -=======================================================================
01-Jun-2020 19:59:59.898 DEBUG generics.BaseTest -Chrome browser is launched successfully!!
01-Jun-2020 19:59:59.899 INFO  generics.BaseTest -=======================================================================
01-Jun-2020 19:59:59.902 INFO  generics.BaseTest -Path set up successful
01-Jun-2020 20:00:04.386 INFO  pages.LoginPage -=======================================================================
01-Jun-2020 20:00:04.387 INFO  pages.LoginPage -Initialization of elements successfull for Login Page elements!!
01-Jun-2020 20:00:04.388 INFO  pages.LoginPage -=======================================================================
01-Jun-2020 20:00:06.969 INFO  generics.BaseTest -Chrome browser window is maximized
01-Jun-2020 20:00:30.798 INFO  generics.BaseTest -Current url opened is: https://www.zoho.com/crm/crmplus
01-Jun-2020 20:00:31.586 INFO  pages.LoginPage -login button is displayed
01-Jun-2020 20:00:39.565 INFO  pages.LoginPage -login button is clicked
01-Jun-2020 20:00:39.866 INFO  pages.LoginPage -Email text field is displayed
01-Jun-2020 20:00:42.854 INFO  pages.LoginPage -Email is filled
01-Jun-2020 20:00:46.893 INFO  pages.LoginPage -Next Button is displayed
01-Jun-2020 20:00:56.052 INFO  pages.LoginPage -After Email NextBtn is clicked
01-Jun-2020 20:00:56.896 INFO  pages.LoginPage -Password text field is displayed
01-Jun-2020 20:00:57.962 INFO  pages.LoginPage -Password is filled
01-Jun-2020 20:00:59.028 INFO  pages.LoginPage -Sign in button is displayed
01-Jun-2020 20:01:04.956 INFO  pages.LoginPage -Sign in button is clicked
01-Jun-2020 20:01:48.094 DEBUG generics.BaseTest -Element is not clickable
01-Jun-2020 20:01:48.095 INFO  pages.LoginPage -yes I understand is visible
01-Jun-2020 20:01:48.095 INFO  CommonDP.ProductsScript -(Yes I understand) is not Displayed, but handled
01-Jun-2020 20:01:48.114 INFO  generics.BaseTest -loginis sucessfully executed
01-Jun-2020 20:01:50.514 INFO  pages.ProductsPage -=======================================================================
01-Jun-2020 20:01:50.515 INFO  pages.ProductsPage -Initialization of elements successfull for Products Page elements!!
01-Jun-2020 20:01:50.515 INFO  pages.ProductsPage -=======================================================================
01-Jun-2020 20:01:57.810 INFO  pages.ProductsPage -moreOptions textfield is displayed
01-Jun-2020 20:02:01.043 INFO  pages.ProductsPage -moreOptions is clicked
01-Jun-2020 20:02:03.083 INFO  pages.ProductsPage -searchBox textfield is displayed
01-Jun-2020 20:02:22.687 INFO  pages.ProductsPage -searchBox is filled
01-Jun-2020 20:02:32.717 INFO  pages.ProductsPage -purchaseOrders link is displayed
01-Jun-2020 20:02:40.822 INFO  pages.ProductsPage -purchaseOrders is clicked
01-Jun-2020 20:03:08.970 INFO  pages.ProductsPage -=======================================================================
01-Jun-2020 20:03:08.971 INFO  pages.ProductsPage -=======================================================================
01-Jun-2020 20:26:56.009 INFO  generics.BaseTest -=======================================================================
01-Jun-2020 20:26:56.075 DEBUG generics.BaseTest -Chrome browser is launched successfully!!
01-Jun-2020 20:26:56.075 INFO  generics.BaseTest -=======================================================================
01-Jun-2020 20:26:56.077 INFO  generics.BaseTest -Path set up successful
01-Jun-2020 20:27:02.086 INFO  pages.LoginPage -=======================================================================
01-Jun-2020 20:27:02.087 INFO  pages.LoginPage -Initialization of elements successfull for Login Page elements!!
01-Jun-2020 20:27:02.087 INFO  pages.LoginPage -=======================================================================
01-Jun-2020 20:27:04.637 INFO  generics.BaseTest -Chrome browser window is maximized
01-Jun-2020 20:27:31.054 INFO  generics.BaseTest -Current url opened is: https://www.zoho.com/crm/crmplus
01-Jun-2020 20:27:31.925 INFO  pages.LoginPage -login button is displayed
01-Jun-2020 20:27:40.544 INFO  pages.LoginPage -login button is clicked
01-Jun-2020 20:27:40.864 INFO  pages.LoginPage -Email text field is displayed
01-Jun-2020 20:27:43.774 INFO  pages.LoginPage -Email is filled
01-Jun-2020 20:27:44.432 INFO  pages.LoginPage -Next Button is displayed
01-Jun-2020 20:27:44.810 INFO  pages.LoginPage -After Email NextBtn is clicked
01-Jun-2020 20:27:46.070 INFO  pages.LoginPage -Password text field is displayed
01-Jun-2020 20:27:47.511 INFO  pages.LoginPage -Password is filled
01-Jun-2020 20:27:48.070 INFO  pages.LoginPage -Sign in button is displayed
01-Jun-2020 20:27:48.646 INFO  pages.LoginPage -Sign in button is clicked
01-Jun-2020 20:28:12.759 DEBUG generics.BaseTest -Element is not clickable
01-Jun-2020 20:28:12.759 INFO  pages.LoginPage -yes I understand is visible
01-Jun-2020 20:28:12.759 INFO  CommonDP.ProductsScript -(Yes I understand) is not Displayed, but handled
01-Jun-2020 20:28:12.778 INFO  generics.BaseTest -loginis sucessfully executed
01-Jun-2020 20:28:15.073 INFO  pages.ProductsPage -=======================================================================
01-Jun-2020 20:28:15.074 INFO  pages.ProductsPage -Initialization of elements successfull for Products Page elements!!
01-Jun-2020 20:28:15.074 INFO  pages.ProductsPage -=======================================================================
01-Jun-2020 20:28:41.963 INFO  pages.ProductsPage -moreOptions textfield is displayed
01-Jun-2020 20:28:45.511 INFO  pages.ProductsPage -moreOptions is clicked
01-Jun-2020 20:28:48.625 INFO  pages.ProductsPage -searchBox textfield is displayed
01-Jun-2020 20:28:55.352 INFO  pages.ProductsPage -searchBox is filled
01-Jun-2020 20:29:02.399 INFO  pages.ProductsPage -purchaseOrders link is displayed
01-Jun-2020 20:29:06.970 INFO  pages.ProductsPage -purchaseOrders is clicked
01-Jun-2020 20:29:15.495 INFO  pages.ProductsPage -=======================================================================
01-Jun-2020 20:29:15.496 INFO  pages.ProductsPage -=======================================================================
01-Jun-2020 20:29:47.633 DEBUG generics.BaseTest -Element is not clickable
01-Jun-2020 20:29:47.634 INFO  CommonDP.ProductsScript -Clicked on create Products link
01-Jun-2020 20:29:58.266 INFO  pages.ProductsPage -createAnotherProducts button is displayed
01-Jun-2020 20:29:59.788 INFO  pages.ProductsPage -createAnotherProducts button is clicked
01-Jun-2020 20:29:59.788 INFO  CommonDP.ProductsScript -Clicked on create Another Products link
01-Jun-2020 20:30:03.796 INFO  pages.ProductsPage -productName textfield is displayed
01-Jun-2020 20:30:16.882 INFO  pages.ProductsPage -productName is filled
01-Jun-2020 20:30:17.121 INFO  pages.ProductsPage -productCode textfield is displayed
01-Jun-2020 20:30:18.671 INFO  pages.ProductsPage -productCode is filled
01-Jun-2020 20:30:19.323 INFO  pages.ProductsPage -vendorLookUpIcon is displayed
01-Jun-2020 20:30:20.642 INFO  pages.ProductsPage -vendorLookUpIcon is clicked
01-Jun-2020 20:30:22.665 INFO  pages.ProductsPage -addNewVendor button is displayed
01-Jun-2020 20:30:23.483 INFO  pages.ProductsPage -addNewVendor button is clicked
01-Jun-2020 20:30:24.573 INFO  pages.ProductsPage -vendorName textfield is displayed
01-Jun-2020 20:30:25.831 INFO  pages.ProductsPage -vendorName is filled
01-Jun-2020 20:30:26.569 INFO  pages.ProductsPage -vendorPhone textfield is displayed
01-Jun-2020 20:30:27.654 INFO  pages.ProductsPage -vendorPhone is filled
01-Jun-2020 20:30:27.923 INFO  pages.ProductsPage -vendorEmail textfield is displayed
01-Jun-2020 20:30:29.608 INFO  pages.ProductsPage -vendorEmail is filled
01-Jun-2020 20:30:30.153 INFO  pages.ProductsPage -vendorSave button is displayed
01-Jun-2020 20:30:30.976 INFO  pages.ProductsPage -vendorSave button is clicked
01-Jun-2020 20:30:34.766 INFO  pages.ProductsPage -selectVendor is displayed
01-Jun-2020 20:30:35.896 INFO  pages.ProductsPage -selectVendor is clicked
01-Jun-2020 20:30:37.274 INFO  pages.ProductsPage -selectManufacturer is displayed
01-Jun-2020 20:30:38.359 INFO  pages.ProductsPage -selectManufacturer is clicked
01-Jun-2020 20:30:38.869 INFO  pages.ProductsPage -selManftr is displayed
01-Jun-2020 20:30:40.357 INFO  pages.ProductsPage -selManftr is clicked
01-Jun-2020 20:30:40.985 INFO  pages.ProductsPage -clickProdCategory is displayed
01-Jun-2020 20:30:42.050 INFO  pages.ProductsPage -clickProdCategory is clicked
01-Jun-2020 20:30:42.784 INFO  pages.ProductsPage -selectProdCategory is displayed
01-Jun-2020 20:30:43.991 INFO  pages.ProductsPage -selectProdCategory is clicked
01-Jun-2020 20:30:44.281 INFO  pages.ProductsPage -startDate is displayed
01-Jun-2020 20:30:46.061 INFO  pages.ProductsPage -startDate is filled
01-Jun-2020 20:30:46.559 INFO  pages.ProductsPage -endDate is displayed
01-Jun-2020 20:30:48.474 INFO  pages.ProductsPage -endDate is filled
01-Jun-2020 20:30:48.706 INFO  pages.ProductsPage -supportStartDate is displayed
01-Jun-2020 20:30:50.588 INFO  pages.ProductsPage -supportStartDate is filled
01-Jun-2020 20:30:50.930 INFO  pages.ProductsPage -suppExpiryDate is displayed
01-Jun-2020 20:30:52.516 INFO  pages.ProductsPage -suppExpiryDate is filled
01-Jun-2020 20:30:52.769 INFO  pages.ProductsPage -unitPrice is displayed
01-Jun-2020 20:30:53.869 INFO  pages.ProductsPage -unitPrice is filled
01-Jun-2020 20:30:54.257 INFO  pages.ProductsPage -commRate is displayed
01-Jun-2020 20:30:54.899 INFO  pages.ProductsPage -commRate is filled
01-Jun-2020 20:30:55.811 INFO  pages.ProductsPage -tax is displayed
01-Jun-2020 20:30:57.847 INFO  pages.ProductsPage -tax is clicked
01-Jun-2020 20:30:58.741 INFO  pages.ProductsPage -salesTax is displayed
01-Jun-2020 20:31:00.384 INFO  pages.ProductsPage -selUsage is displayed
01-Jun-2020 20:31:01.540 INFO  pages.ProductsPage -selUsage is clicked
01-Jun-2020 20:31:01.938 INFO  pages.ProductsPage -selUsageUnit is displayed
01-Jun-2020 20:31:02.943 INFO  pages.ProductsPage -selUsageUnit is clicked
01-Jun-2020 20:31:03.295 INFO  pages.ProductsPage -qtyOrdered is displayed
01-Jun-2020 20:31:03.955 INFO  pages.ProductsPage -qtyOrdered is filled
01-Jun-2020 20:31:04.199 INFO  pages.ProductsPage -qtyStock is displayed
01-Jun-2020 20:31:04.684 INFO  pages.ProductsPage -qtyStock is filled
01-Jun-2020 20:31:04.943 INFO  pages.ProductsPage -reOrderLevel is displayed
01-Jun-2020 20:31:05.525 INFO  pages.ProductsPage -reOrderLevel is filled
01-Jun-2020 20:31:05.835 INFO  pages.ProductsPage -clickHandler is displayed
01-Jun-2020 20:31:07.053 INFO  pages.ProductsPage -clickHandler is clicked
01-Jun-2020 20:31:07.833 INFO  pages.ProductsPage -selHandler is displayed
01-Jun-2020 20:31:08.658 INFO  pages.ProductsPage -selHandler is clicked
01-Jun-2020 20:31:09.280 INFO  pages.ProductsPage -qtyDemand is displayed
01-Jun-2020 20:31:10.891 INFO  pages.ProductsPage -qtyDemand is clicked
01-Jun-2020 20:31:11.936 INFO  pages.ProductsPage -prodDescription is displayed
01-Jun-2020 20:31:15.296 INFO  pages.ProductsPage -prodDescription is clicked
01-Jun-2020 20:31:15.853 INFO  pages.ProductsPage -save button is displayed
01-Jun-2020 20:31:16.759 INFO  pages.ProductsPage -save button is clicked
01-Jun-2020 20:31:24.442 INFO  pages.ProductsPage -clickTimeline is displayed
01-Jun-2020 20:31:25.297 INFO  pages.ProductsPage -clickTimeline is clicked
01-Jun-2020 20:31:56.404 DEBUG generics.BaseTest -Element is not clickable
01-Jun-2020 20:31:56.405 INFO  pages.ProductsPage -clickNewVersion is displayed
01-Jun-2020 20:31:56.405 INFO  CommonDP.ProductsScript -Switch to New Version  button not visible
01-Jun-2020 20:31:56.669 INFO  pages.ProductsPage -clickTimeline is displayed
01-Jun-2020 20:31:57.006 INFO  pages.ProductsPage -clickTimeline is clicked
01-Jun-2020 20:31:57.411 INFO  pages.ProductsPage -clickOverview is displayed
01-Jun-2020 20:31:58.033 INFO  pages.ProductsPage -clickOverview is clicked
01-Jun-2020 20:31:58.167 INFO  pages.ProductsPage -=======================================================================
01-Jun-2020 20:31:58.167 INFO  pages.ProductsPage -=======================================================================
01-Jun-2020 20:31:59.136 INFO  pages.ProductsPage -Products button is clicked
01-Jun-2020 20:32:01.204 INFO  pages.LoginPage -logOut link is displayed
01-Jun-2020 20:32:01.823 INFO  pages.LoginPage -logOut link is clicked
01-Jun-2020 20:32:02.516 INFO  pages.LoginPage -logOut button is displayed
01-Jun-2020 20:32:15.246 INFO  pages.LoginPage -logOut button is clicked
01-Jun-2020 20:32:15.254 INFO  generics.BaseTest -createProductsOrderis sucessfully executed
