03-Jun-2020 12:01:54.507 INFO  generics.BaseTest -=======================================================================
03-Jun-2020 12:01:54.727 DEBUG generics.BaseTest -Chrome browser is launched successfully!!
03-Jun-2020 12:01:54.727 INFO  generics.BaseTest -=======================================================================
03-Jun-2020 12:01:54.728 INFO  generics.BaseTest -Path set up successful
03-Jun-2020 12:02:00.361 INFO  pages.LoginPage -=======================================================================
03-Jun-2020 12:02:00.363 INFO  pages.LoginPage -Initialization of elements successfull for Login Page elements!!
03-Jun-2020 12:02:00.363 INFO  pages.LoginPage -=======================================================================
03-Jun-2020 12:02:02.608 INFO  generics.BaseTest -Chrome browser window is maximized
03-Jun-2020 12:02:15.400 INFO  generics.BaseTest -Current url opened is: https://www.zoho.com/crm/crmplus
03-Jun-2020 12:02:16.862 INFO  pages.LoginPage -login button is displayed
03-Jun-2020 12:02:23.123 INFO  pages.LoginPage -login button is clicked
03-Jun-2020 12:02:23.527 INFO  pages.LoginPage -Email text field is displayed
03-Jun-2020 12:02:24.507 INFO  pages.LoginPage -Email is filled
03-Jun-2020 12:02:24.824 INFO  pages.LoginPage -Next Button is displayed
03-Jun-2020 12:02:25.087 INFO  pages.LoginPage -After Email NextBtn is clicked
03-Jun-2020 12:02:25.459 INFO  pages.LoginPage -Password text field is displayed
03-Jun-2020 12:02:26.084 INFO  pages.LoginPage -Password is filled
03-Jun-2020 12:02:26.405 INFO  pages.LoginPage -Sign in button is displayed
03-Jun-2020 12:02:26.662 INFO  pages.LoginPage -Sign in button is clicked
03-Jun-2020 12:02:47.802 DEBUG generics.BaseTest -Element is not clickable
03-Jun-2020 12:02:47.802 INFO  pages.LoginPage -yes I understand is visible
03-Jun-2020 12:02:47.803 INFO  CommonDP.ProductsScript -(Yes I understand) is not Displayed, but handled
03-Jun-2020 12:02:47.815 INFO  generics.BaseTest -loginis sucessfully executed
03-Jun-2020 12:02:49.065 INFO  pages.ProductsPage -=======================================================================
03-Jun-2020 12:02:49.066 INFO  pages.ProductsPage -Initialization of elements successfull for Products Page elements!!
03-Jun-2020 12:02:49.066 INFO  pages.ProductsPage -=======================================================================
03-Jun-2020 12:03:04.334 INFO  pages.ProductsPage -moreOptions textfield is displayed
03-Jun-2020 12:03:05.352 INFO  pages.ProductsPage -moreOptions is clicked
03-Jun-2020 12:03:05.760 INFO  pages.ProductsPage -searchBox textfield is displayed
03-Jun-2020 12:03:06.511 INFO  pages.ProductsPage -searchBox is filled
03-Jun-2020 12:03:08.442 INFO  pages.ProductsPage -purchaseOrders link is displayed
03-Jun-2020 12:03:09.167 INFO  pages.ProductsPage -purchaseOrders is clicked
03-Jun-2020 12:03:33.901 INFO  pages.ProductsPage -=======================================================================
03-Jun-2020 12:03:33.902 INFO  pages.ProductsPage -=======================================================================
03-Jun-2020 12:04:06.392 DEBUG generics.BaseTest -Element is not clickable
03-Jun-2020 12:04:06.392 INFO  CommonDP.ProductsScript -Clicked on create Products link
03-Jun-2020 12:04:57.438 DEBUG generics.BaseTest -Element is not clickable
03-Jun-2020 12:04:57.439 INFO  pages.ProductsPage -createAnotherProducts button is displayed
03-Jun-2020 12:05:28.295 DEBUG generics.BaseTest -Element is not displayed
03-Jun-2020 12:05:28.296 INFO  pages.ProductsPage -productName textfield is displayed
03-Jun-2020 12:05:28.314 INFO  generics.BaseTest -createProductsOrderis failed
03-Jun-2020 12:05:33.147 INFO  generics.BaseTest -Screenshot is taken for the failed method: createProductsOrder
03-Jun-2020 12:05:38.446 INFO  generics.BaseTest -=======================================================================
03-Jun-2020 12:05:38.447 DEBUG generics.BaseTest -Chrome browser is launched successfully!!
03-Jun-2020 12:05:38.447 INFO  generics.BaseTest -=======================================================================
03-Jun-2020 12:05:38.448 INFO  generics.BaseTest -Path set up successful
03-Jun-2020 12:05:38.898 INFO  pages.LoginPage -=======================================================================
03-Jun-2020 12:05:38.899 INFO  pages.LoginPage -Initialization of elements successfull for Login Page elements!!
03-Jun-2020 12:05:38.899 INFO  pages.LoginPage -=======================================================================
03-Jun-2020 12:05:41.116 INFO  generics.BaseTest -Chrome browser window is maximized
03-Jun-2020 12:05:55.113 INFO  generics.BaseTest -Current url opened is: https://www.zoho.com/crm/crmplus
03-Jun-2020 12:05:55.543 INFO  pages.LoginPage -login button is displayed
03-Jun-2020 12:06:01.062 INFO  pages.LoginPage -login button is clicked
03-Jun-2020 12:06:01.298 INFO  pages.LoginPage -Email text field is displayed
03-Jun-2020 12:06:02.206 INFO  pages.LoginPage -Email is filled
03-Jun-2020 12:06:02.552 INFO  pages.LoginPage -Next Button is displayed
03-Jun-2020 12:06:02.780 INFO  pages.LoginPage -After Email NextBtn is clicked
03-Jun-2020 12:06:03.138 INFO  pages.LoginPage -Password text field is displayed
03-Jun-2020 12:06:03.629 INFO  pages.LoginPage -Password is filled
03-Jun-2020 12:06:03.932 INFO  pages.LoginPage -Sign in button is displayed
03-Jun-2020 12:06:04.386 INFO  pages.LoginPage -Sign in button is clicked
03-Jun-2020 12:06:27.274 DEBUG generics.BaseTest -Element is not clickable
03-Jun-2020 12:06:27.274 INFO  pages.LoginPage -yes I understand is visible
03-Jun-2020 12:06:27.275 INFO  CommonDP.PriceBookScript -(Yes I understand) is not Displayed, but handled
03-Jun-2020 12:06:27.276 INFO  generics.BaseTest -loginis sucessfully executed
03-Jun-2020 12:06:28.173 INFO  pages.PriceBooksPage -=======================================================================
03-Jun-2020 12:06:28.173 INFO  pages.PriceBooksPage -Initialization of elements successfull for Price Books Page elements!!
03-Jun-2020 12:06:28.173 INFO  pages.PriceBooksPage -=======================================================================
03-Jun-2020 12:06:34.404 INFO  pages.PriceBooksPage -moreOptions button is displayed
03-Jun-2020 12:06:42.334 INFO  pages.PriceBooksPage -moreOptions button is clicked
03-Jun-2020 12:06:45.155 INFO  pages.PriceBooksPage -searchBox textbox is displayed
03-Jun-2020 12:06:48.225 INFO  pages.PriceBooksPage -searchBox result is clicked
03-Jun-2020 12:06:52.552 INFO  pages.PriceBooksPage -priceBooks link is displayed
03-Jun-2020 12:06:53.166 INFO  pages.PriceBooksPage -priceBooks link is clicked
03-Jun-2020 12:07:04.684 INFO  pages.PriceBooksPage -createAnotherPriceBooksButton button is displayed
03-Jun-2020 12:07:06.678 INFO  pages.PriceBooksPage -createAnotherPriceBooksButton button is clicked
03-Jun-2020 12:07:11.955 INFO  pages.PriceBooksPage -priceBookName textfield is displayed
03-Jun-2020 12:07:22.975 INFO  pages.PriceBooksPage -priceBookName is filled
03-Jun-2020 12:07:23.235 INFO  pages.PriceBooksPage -pricingModel is displayed
03-Jun-2020 12:07:23.922 INFO  pages.PriceBooksPage -pricingModel is clicked
03-Jun-2020 12:07:24.201 INFO  pages.PriceBooksPage -pricingModelSelect is displayed
03-Jun-2020 12:07:24.596 INFO  pages.PriceBooksPage -pricingModelSelect is selected
03-Jun-2020 12:07:24.863 INFO  pages.PriceBooksPage -priceBookDescription textfield is displayed
03-Jun-2020 12:07:27.476 INFO  pages.PriceBooksPage -priceBookDescription is filled
03-Jun-2020 12:07:27.732 INFO  pages.PriceBooksPage -fromRange textfield is displayed
03-Jun-2020 12:07:28.144 INFO  pages.PriceBooksPage -fromRange is filled
03-Jun-2020 12:07:28.445 INFO  pages.PriceBooksPage -toRange textfield is displayed
03-Jun-2020 12:07:28.870 INFO  pages.PriceBooksPage -toRange is filled
03-Jun-2020 12:07:29.157 INFO  pages.PriceBooksPage -discount textfield is displayed
03-Jun-2020 12:07:29.458 INFO  pages.PriceBooksPage -discount is filled
03-Jun-2020 12:07:29.694 INFO  pages.PriceBooksPage -save Button is displayed
03-Jun-2020 12:07:30.070 INFO  pages.PriceBooksPage -save Button is clicked
03-Jun-2020 12:07:34.724 INFO  pages.PriceBooksPage -AddProducts link is displayed
03-Jun-2020 12:07:35.680 INFO  pages.PriceBooksPage -AddProducts link is clicked
03-Jun-2020 12:07:37.857 INFO  pages.PriceBooksPage -clickCheckBoxAddProducts3 is displayed
03-Jun-2020 12:07:38.234 INFO  pages.PriceBooksPage -clickCheckBoxAddProducts3 is clicked
03-Jun-2020 12:07:38.555 INFO  pages.PriceBooksPage -listPrice textfield is displayed
03-Jun-2020 12:07:39.030 INFO  pages.PriceBooksPage -listPrice is filled
03-Jun-2020 12:07:39.305 INFO  pages.PriceBooksPage -addToProducts is displayed
03-Jun-2020 12:07:39.764 INFO  pages.PriceBooksPage -addToProducts is clicked
03-Jun-2020 12:07:39.880 INFO  pages.PriceBooksPage -=======================================================================
03-Jun-2020 12:07:39.880 INFO  pages.PriceBooksPage - Out of frame from Price Book module 
03-Jun-2020 12:07:39.880 INFO  pages.PriceBooksPage -=======================================================================
03-Jun-2020 12:07:40.137 INFO  pages.PriceBooksPage -priceBooks link is displayed
03-Jun-2020 12:07:41.430 INFO  pages.PriceBooksPage -Price Books button is clicked
03-Jun-2020 12:07:43.696 INFO  pages.LoginPage -logOut link is displayed
03-Jun-2020 12:07:44.181 INFO  pages.LoginPage -logOut link is clicked
03-Jun-2020 12:07:44.540 INFO  pages.LoginPage -logOut button is displayed
03-Jun-2020 12:07:54.315 INFO  pages.LoginPage -logOut button is clicked
03-Jun-2020 12:07:54.319 INFO  generics.BaseTest -createPriceBooksis sucessfully executed
03-Jun-2020 12:08:00.608 INFO  generics.BaseTest -=======================================================================
03-Jun-2020 12:08:00.608 DEBUG generics.BaseTest -Chrome browser is launched successfully!!
03-Jun-2020 12:08:00.608 INFO  generics.BaseTest -=======================================================================
03-Jun-2020 12:08:00.609 INFO  generics.BaseTest -Path set up successful
03-Jun-2020 12:08:01.145 INFO  pages.LoginPage -=======================================================================
03-Jun-2020 12:08:01.146 INFO  pages.LoginPage -Initialization of elements successfull for Login Page elements!!
03-Jun-2020 12:08:01.146 INFO  pages.LoginPage -=======================================================================
03-Jun-2020 12:08:03.447 INFO  generics.BaseTest -Chrome browser window is maximized
03-Jun-2020 12:08:13.548 INFO  generics.BaseTest -Current url opened is: https://www.zoho.com/crm/crmplus
03-Jun-2020 12:08:14.473 INFO  pages.LoginPage -login button is displayed
03-Jun-2020 12:08:22.226 INFO  pages.LoginPage -login button is clicked
03-Jun-2020 12:08:22.451 INFO  pages.LoginPage -Email text field is displayed
03-Jun-2020 12:08:23.434 INFO  pages.LoginPage -Email is filled
03-Jun-2020 12:08:23.729 INFO  pages.LoginPage -Next Button is displayed
03-Jun-2020 12:08:24.032 INFO  pages.LoginPage -After Email NextBtn is clicked
03-Jun-2020 12:08:25.033 INFO  pages.LoginPage -Password text field is displayed
03-Jun-2020 12:08:25.456 INFO  pages.LoginPage -Password is filled
03-Jun-2020 12:08:25.721 INFO  pages.LoginPage -Sign in button is displayed
03-Jun-2020 12:08:25.929 INFO  pages.LoginPage -Sign in button is clicked
03-Jun-2020 12:08:46.267 DEBUG generics.BaseTest -Element is not clickable
03-Jun-2020 12:08:46.267 INFO  pages.LoginPage -yes I understand is visible
03-Jun-2020 12:08:46.268 INFO  CommonDP.QuotesScript -(Yes I understand) is not Displayed, but handled
03-Jun-2020 12:08:46.269 INFO  generics.BaseTest -loginis sucessfully executed
03-Jun-2020 12:08:46.947 INFO  pages.QuotesPage -=======================================================================
03-Jun-2020 12:08:46.948 INFO  pages.QuotesPage -Initialization of elements successful for Quotes elements!!
03-Jun-2020 12:08:46.948 INFO  pages.QuotesPage -=======================================================================
03-Jun-2020 12:08:56.983 INFO  pages.QuotesPage -quotesLink is displayed
03-Jun-2020 12:08:57.572 INFO  pages.QuotesPage -quotesLink is clicked
03-Jun-2020 12:09:25.188 INFO  pages.QuotesPage -=======================================================================
03-Jun-2020 12:09:25.188 INFO  pages.QuotesPage -Switch to Purchase Orders module frame successful
03-Jun-2020 12:09:25.188 INFO  pages.QuotesPage -=======================================================================
03-Jun-2020 12:09:57.191 DEBUG generics.BaseTest -Element is not clickable
03-Jun-2020 12:10:27.944 DEBUG generics.BaseTest -Element is not clickable
03-Jun-2020 12:10:27.944 INFO  pages.QuotesPage -createAnotherQuote button is displayed
03-Jun-2020 12:10:27.944 INFO  CommonDP.QuotesScript -Create Another Quote handled
03-Jun-2020 12:10:58.773 DEBUG generics.BaseTest -Element is not clickable
03-Jun-2020 12:10:58.773 INFO  pages.QuotesPage -dealNameLookUpIcon is displayed
03-Jun-2020 12:10:58.776 INFO  generics.BaseTest -createQuoteis failed
03-Jun-2020 12:10:59.555 INFO  generics.BaseTest -Screenshot is taken for the failed method: createQuote
03-Jun-2020 12:11:05.459 INFO  generics.BaseTest -=======================================================================
03-Jun-2020 12:11:05.459 DEBUG generics.BaseTest -Chrome browser is launched successfully!!
03-Jun-2020 12:11:05.459 INFO  generics.BaseTest -=======================================================================
03-Jun-2020 12:11:05.460 INFO  generics.BaseTest -Path set up successful
03-Jun-2020 12:11:05.841 INFO  pages.LoginPage -=======================================================================
03-Jun-2020 12:11:05.841 INFO  pages.LoginPage -Initialization of elements successfull for Login Page elements!!
03-Jun-2020 12:11:05.841 INFO  pages.LoginPage -=======================================================================
03-Jun-2020 12:11:08.108 INFO  generics.BaseTest -Chrome browser window is maximized
03-Jun-2020 12:11:21.548 INFO  generics.BaseTest -Current url opened is: https://www.zoho.com/crm/crmplus
03-Jun-2020 12:11:22.601 INFO  pages.LoginPage -login button is displayed
03-Jun-2020 12:11:31.646 INFO  pages.LoginPage -login button is clicked
03-Jun-2020 12:11:31.915 INFO  pages.LoginPage -Email text field is displayed
03-Jun-2020 12:11:33.333 INFO  pages.LoginPage -Email is filled
03-Jun-2020 12:11:33.653 INFO  pages.LoginPage -Next Button is displayed
03-Jun-2020 12:11:33.957 INFO  pages.LoginPage -After Email NextBtn is clicked
03-Jun-2020 12:11:34.184 INFO  pages.LoginPage -Password text field is displayed
03-Jun-2020 12:11:38.673 INFO  pages.LoginPage -Password is filled
03-Jun-2020 12:11:39.369 INFO  pages.LoginPage -Sign in button is displayed
03-Jun-2020 12:11:39.655 INFO  pages.LoginPage -Sign in button is clicked
03-Jun-2020 12:11:59.868 DEBUG generics.BaseTest -Element is not clickable
03-Jun-2020 12:11:59.869 INFO  pages.LoginPage -yes I understand is visible
03-Jun-2020 12:11:59.869 INFO  CommonDP.PurchaseOrdersScript -(Yes I understand) is not Displayed, but handled
03-Jun-2020 12:11:59.871 INFO  generics.BaseTest -loginis sucessfully executed
03-Jun-2020 12:12:00.646 INFO  pages.PurchaseOrdersPage -=======================================================================
03-Jun-2020 12:12:00.647 INFO  pages.PurchaseOrdersPage -Initialization of elements successfull for Purchase Order elements!!
03-Jun-2020 12:12:00.647 INFO  pages.PurchaseOrdersPage -=======================================================================
03-Jun-2020 12:12:11.205 INFO  pages.PurchaseOrdersPage -moreOptions textfield is displayed
03-Jun-2020 12:12:12.054 INFO  pages.PurchaseOrdersPage -moreOptions is clicked
03-Jun-2020 12:12:12.252 INFO  pages.PurchaseOrdersPage -searchBox textfield is displayed
03-Jun-2020 12:12:13.607 INFO  pages.PurchaseOrdersPage -searchBox is filled
03-Jun-2020 12:12:14.719 INFO  pages.PurchaseOrdersPage -purchaseOrders link is displayed
03-Jun-2020 12:12:15.632 INFO  pages.PurchaseOrdersPage -purchaseOrders is clicked
03-Jun-2020 12:12:49.222 INFO  pages.PurchaseOrdersPage -=======================================================================
03-Jun-2020 12:12:49.223 INFO  pages.PurchaseOrdersPage -Switch to Purchase Orders module frame successful
03-Jun-2020 12:12:49.223 INFO  pages.PurchaseOrdersPage -=======================================================================
03-Jun-2020 12:13:20.146 DEBUG generics.BaseTest -Element is not clickable
03-Jun-2020 12:13:20.147 INFO  pages.PurchaseOrdersPage -Create New Purchase Order button displayed
03-Jun-2020 12:13:20.147 INFO  pages.PurchaseOrdersPage -Create New Purchase Order button is not displayed
03-Jun-2020 12:13:50.851 DEBUG generics.BaseTest -Element is not clickable
03-Jun-2020 12:13:50.851 INFO  pages.PurchaseOrdersPage -createAnother Purchase Order button is displayed
03-Jun-2020 12:13:50.852 ERROR CommonDP.PurchaseOrdersScript -Create Another Purchase Order Handled
03-Jun-2020 12:14:32.116 DEBUG generics.BaseTest -Element is not displayed
03-Jun-2020 12:14:32.116 INFO  pages.PurchaseOrdersPage -poNumber textfield is displayed
03-Jun-2020 12:14:32.118 INFO  generics.BaseTest -createPurchaseOrdersis failed
03-Jun-2020 12:14:32.675 INFO  generics.BaseTest -Screenshot is taken for the failed method: createPurchaseOrders
03-Jun-2020 12:14:38.925 INFO  generics.BaseTest -=======================================================================
03-Jun-2020 12:14:38.925 DEBUG generics.BaseTest -Chrome browser is launched successfully!!
03-Jun-2020 12:14:38.925 INFO  generics.BaseTest -=======================================================================
03-Jun-2020 12:14:38.926 INFO  generics.BaseTest -Path set up successful
03-Jun-2020 12:14:39.199 INFO  pages.LoginPage -=======================================================================
03-Jun-2020 12:14:39.199 INFO  pages.LoginPage -Initialization of elements successfull for Login Page elements!!
03-Jun-2020 12:14:39.199 INFO  pages.LoginPage -=======================================================================
03-Jun-2020 12:14:41.499 INFO  generics.BaseTest -Chrome browser window is maximized
03-Jun-2020 12:14:59.135 INFO  generics.BaseTest -Current url opened is: https://www.zoho.com/crm/crmplus
03-Jun-2020 12:14:59.516 INFO  pages.LoginPage -login button is displayed
03-Jun-2020 12:15:07.060 INFO  pages.LoginPage -login button is clicked
03-Jun-2020 12:15:07.350 INFO  pages.LoginPage -Email text field is displayed
03-Jun-2020 12:15:09.044 INFO  pages.LoginPage -Email is filled
03-Jun-2020 12:15:09.398 INFO  pages.LoginPage -Next Button is displayed
03-Jun-2020 12:15:09.697 INFO  pages.LoginPage -After Email NextBtn is clicked
03-Jun-2020 12:15:10.163 INFO  pages.LoginPage -Password text field is displayed
03-Jun-2020 12:15:11.276 INFO  pages.LoginPage -Password is filled
03-Jun-2020 12:15:11.569 INFO  pages.LoginPage -Sign in button is displayed
03-Jun-2020 12:15:11.931 INFO  pages.LoginPage -Sign in button is clicked
03-Jun-2020 12:15:34.499 DEBUG generics.BaseTest -Element is not clickable
03-Jun-2020 12:15:34.499 INFO  pages.LoginPage -yes I understand is visible
03-Jun-2020 12:15:34.499 INFO  CommonDP.SalesOrdersScript -(Yes I understand) is not Displayed, but handled
03-Jun-2020 12:15:34.501 INFO  generics.BaseTest -loginis sucessfully executed
03-Jun-2020 12:15:35.104 INFO  pages.SalesOrdersPage -=======================================================================
03-Jun-2020 12:15:35.104 INFO  pages.SalesOrdersPage -Initialization of elements successfull for Sales Order elements!!
03-Jun-2020 12:15:35.104 INFO  pages.SalesOrdersPage -=======================================================================
03-Jun-2020 12:15:39.724 INFO  pages.SalesOrdersPage -moreOptions button is displayed
03-Jun-2020 12:15:41.857 INFO  pages.SalesOrdersPage -moreOptions is clicked
03-Jun-2020 12:15:42.193 INFO  pages.SalesOrdersPage -searchBox textfield is displayed
03-Jun-2020 12:15:43.282 INFO  pages.SalesOrdersPage -searchBox is filled
03-Jun-2020 12:15:44.071 INFO  pages.SalesOrdersPage -salesOrders search is displayed
03-Jun-2020 12:15:47.901 INFO  pages.SalesOrdersPage -salesOrders is clicked
03-Jun-2020 12:16:20.781 INFO  pages.SalesOrdersPage -=======================================================================
03-Jun-2020 12:16:20.781 INFO  pages.SalesOrdersPage -Switch to Purchase Orders module frame successful
03-Jun-2020 12:16:20.781 INFO  pages.SalesOrdersPage -=======================================================================
03-Jun-2020 12:16:51.714 DEBUG generics.BaseTest -Element is not clickable
03-Jun-2020 12:17:22.401 DEBUG generics.BaseTest -Element is not clickable
03-Jun-2020 12:17:22.401 INFO  pages.SalesOrdersPage -createAnotherSalesOrders button is displayed
03-Jun-2020 12:17:22.401 ERROR CommonDP.SalesOrdersScript -Create Another Sales Order Handled
03-Jun-2020 12:17:53.155 DEBUG generics.BaseTest -Element is not clickable
03-Jun-2020 12:17:53.156 INFO  pages.SalesOrdersPage -quoteNameLookUp Icon is displayed
03-Jun-2020 12:17:53.158 INFO  generics.BaseTest -createSalesOrdersis failed
03-Jun-2020 12:17:53.706 INFO  generics.BaseTest -Screenshot is taken for the failed method: createSalesOrders
03-Jun-2020 12:45:26.172 INFO  generics.BaseTest -=======================================================================
03-Jun-2020 12:45:26.191 DEBUG generics.BaseTest -Chrome browser is launched successfully!!
03-Jun-2020 12:45:26.191 INFO  generics.BaseTest -=======================================================================
03-Jun-2020 12:45:26.193 INFO  generics.BaseTest -Path set up successful
03-Jun-2020 12:45:28.665 INFO  pages.LoginPage -=======================================================================
03-Jun-2020 12:45:28.666 INFO  pages.LoginPage -Initialization of elements successfull for Login Page elements!!
03-Jun-2020 12:45:28.666 INFO  pages.LoginPage -=======================================================================
03-Jun-2020 12:45:30.849 INFO  generics.BaseTest -Chrome browser window is maximized
03-Jun-2020 12:45:41.735 INFO  generics.BaseTest -Current url opened is: https://www.zoho.com/crm/crmplus
03-Jun-2020 12:45:42.723 INFO  pages.LoginPage -login button is displayed
03-Jun-2020 12:45:47.272 INFO  pages.LoginPage -login button is clicked
03-Jun-2020 12:45:47.824 INFO  pages.LoginPage -Email text field is displayed
03-Jun-2020 12:45:49.194 INFO  pages.LoginPage -Email is filled
03-Jun-2020 12:45:49.726 INFO  pages.LoginPage -Next Button is displayed
03-Jun-2020 12:45:50.225 INFO  pages.LoginPage -After Email NextBtn is clicked
03-Jun-2020 12:45:50.597 INFO  pages.LoginPage -Password text field is displayed
03-Jun-2020 12:45:51.213 INFO  pages.LoginPage -Password is filled
03-Jun-2020 12:45:51.499 INFO  pages.LoginPage -Sign in button is displayed
03-Jun-2020 12:45:51.740 INFO  pages.LoginPage -Sign in button is clicked
03-Jun-2020 12:46:45.706 DEBUG generics.BaseTest -Element is not clickable
03-Jun-2020 12:46:45.707 INFO  pages.LoginPage -yes I understand is visible
03-Jun-2020 12:46:45.707 INFO  CommonDP.ProductsScript -(Yes I understand) is not Displayed, but handled
03-Jun-2020 12:46:45.717 INFO  generics.BaseTest -loginis sucessfully executed
03-Jun-2020 12:46:46.656 INFO  pages.ProductsPage -=======================================================================
03-Jun-2020 12:46:46.656 INFO  pages.ProductsPage -Initialization of elements successfull for Products Page elements!!
03-Jun-2020 12:46:46.657 INFO  pages.ProductsPage -=======================================================================
03-Jun-2020 12:46:48.122 INFO  pages.ProductsPage -moreOptions textfield is displayed
03-Jun-2020 12:46:48.431 INFO  pages.ProductsPage -moreOptions is clicked
03-Jun-2020 12:46:48.969 INFO  pages.ProductsPage -searchBox textfield is displayed
03-Jun-2020 12:46:49.451 INFO  pages.ProductsPage -searchBox is filled
03-Jun-2020 12:46:49.755 INFO  pages.ProductsPage -purchaseOrders link is displayed
03-Jun-2020 12:46:50.195 INFO  pages.ProductsPage -purchaseOrders is clicked
03-Jun-2020 12:46:52.752 INFO  pages.ProductsPage -=======================================================================
03-Jun-2020 12:46:52.753 INFO  pages.ProductsPage -=======================================================================
03-Jun-2020 12:47:23.481 DEBUG generics.BaseTest -Element is not clickable
03-Jun-2020 12:47:23.482 INFO  CommonDP.ProductsScript -Clicked on create Products link
03-Jun-2020 12:47:43.771 INFO  pages.ProductsPage -createAnotherProducts button is displayed
03-Jun-2020 12:47:44.270 INFO  pages.ProductsPage -createAnotherProducts button is clicked
03-Jun-2020 12:47:44.270 INFO  CommonDP.ProductsScript -Clicked on create Another Products link
03-Jun-2020 12:47:46.242 INFO  pages.ProductsPage -productName textfield is displayed
03-Jun-2020 12:47:56.352 INFO  pages.ProductsPage -productName is filled
03-Jun-2020 12:47:56.530 INFO  pages.ProductsPage -productCode textfield is displayed
03-Jun-2020 12:47:58.970 INFO  pages.ProductsPage -productCode is filled
03-Jun-2020 12:47:59.164 INFO  pages.ProductsPage -vendorLookUpIcon is displayed
03-Jun-2020 12:47:59.578 INFO  pages.ProductsPage -vendorLookUpIcon is clicked
03-Jun-2020 12:48:00.766 INFO  pages.ProductsPage -addNewVendor button is displayed
03-Jun-2020 12:48:01.140 INFO  pages.ProductsPage -addNewVendor button is clicked
03-Jun-2020 12:48:01.883 INFO  pages.ProductsPage -vendorName textfield is displayed
03-Jun-2020 12:48:02.732 INFO  pages.ProductsPage -vendorName is filled
03-Jun-2020 12:48:02.995 INFO  pages.ProductsPage -vendorPhone textfield is displayed
03-Jun-2020 12:48:03.727 INFO  pages.ProductsPage -vendorPhone is filled
03-Jun-2020 12:48:03.940 INFO  pages.ProductsPage -vendorEmail textfield is displayed
03-Jun-2020 12:48:04.581 INFO  pages.ProductsPage -vendorEmail is filled
03-Jun-2020 12:48:04.847 INFO  pages.ProductsPage -vendorSave button is displayed
03-Jun-2020 12:48:05.380 INFO  pages.ProductsPage -vendorSave button is clicked
03-Jun-2020 12:48:06.864 INFO  pages.ProductsPage -selectVendor is displayed
03-Jun-2020 12:48:07.294 INFO  pages.ProductsPage -selectVendor is clicked
03-Jun-2020 12:48:07.754 INFO  pages.ProductsPage -selectManufacturer is displayed
03-Jun-2020 12:48:08.363 INFO  pages.ProductsPage -selectManufacturer is clicked
03-Jun-2020 12:48:08.579 INFO  pages.ProductsPage -selManftr is displayed
03-Jun-2020 12:48:09.137 INFO  pages.ProductsPage -selManftr is clicked
03-Jun-2020 12:48:09.399 INFO  pages.ProductsPage -clickProdCategory is displayed
03-Jun-2020 12:48:09.854 INFO  pages.ProductsPage -clickProdCategory is clicked
03-Jun-2020 12:48:10.120 INFO  pages.ProductsPage -selectProdCategory is displayed
03-Jun-2020 12:48:10.598 INFO  pages.ProductsPage -selectProdCategory is clicked
03-Jun-2020 12:48:10.801 INFO  pages.ProductsPage -startDate is displayed
03-Jun-2020 12:48:11.558 INFO  pages.ProductsPage -startDate is filled
03-Jun-2020 12:48:11.715 INFO  pages.ProductsPage -endDate is displayed
03-Jun-2020 12:48:12.585 INFO  pages.ProductsPage -endDate is filled
03-Jun-2020 12:48:12.733 INFO  pages.ProductsPage -supportStartDate is displayed
03-Jun-2020 12:48:13.369 INFO  pages.ProductsPage -supportStartDate is filled
03-Jun-2020 12:48:13.551 INFO  pages.ProductsPage -suppExpiryDate is displayed
03-Jun-2020 12:48:14.304 INFO  pages.ProductsPage -suppExpiryDate is filled
03-Jun-2020 12:48:14.498 INFO  pages.ProductsPage -unitPrice is displayed
03-Jun-2020 12:48:14.965 INFO  pages.ProductsPage -unitPrice is filled
03-Jun-2020 12:48:15.161 INFO  pages.ProductsPage -commRate is displayed
03-Jun-2020 12:48:15.453 INFO  pages.ProductsPage -commRate is filled
03-Jun-2020 12:48:15.766 INFO  pages.ProductsPage -tax is displayed
03-Jun-2020 12:48:16.114 INFO  pages.ProductsPage -tax is clicked
03-Jun-2020 12:48:16.479 INFO  pages.ProductsPage -salesTax is displayed
03-Jun-2020 12:48:17.989 INFO  pages.ProductsPage -selUsage is displayed
03-Jun-2020 12:48:18.771 INFO  pages.ProductsPage -selUsage is clicked
03-Jun-2020 12:48:19.123 INFO  pages.ProductsPage -selUsageUnit is displayed
03-Jun-2020 12:48:19.501 INFO  pages.ProductsPage -selUsageUnit is clicked
03-Jun-2020 12:48:19.687 INFO  pages.ProductsPage -qtyOrdered is displayed
03-Jun-2020 12:48:19.919 INFO  pages.ProductsPage -qtyOrdered is filled
03-Jun-2020 12:48:20.084 INFO  pages.ProductsPage -qtyStock is displayed
03-Jun-2020 12:48:20.443 INFO  pages.ProductsPage -qtyStock is filled
03-Jun-2020 12:48:20.617 INFO  pages.ProductsPage -reOrderLevel is displayed
03-Jun-2020 12:48:20.877 INFO  pages.ProductsPage -reOrderLevel is filled
03-Jun-2020 12:48:21.089 INFO  pages.ProductsPage -clickHandler is displayed
03-Jun-2020 12:48:21.655 INFO  pages.ProductsPage -clickHandler is clicked
03-Jun-2020 12:48:21.947 INFO  pages.ProductsPage -selHandler is displayed
03-Jun-2020 12:48:22.466 INFO  pages.ProductsPage -selHandler is clicked
03-Jun-2020 12:48:22.701 INFO  pages.ProductsPage -qtyDemand is displayed
03-Jun-2020 12:48:22.932 INFO  pages.ProductsPage -qtyDemand is clicked
03-Jun-2020 12:48:23.154 INFO  pages.ProductsPage -prodDescription is displayed
03-Jun-2020 12:48:24.701 INFO  pages.ProductsPage -prodDescription is clicked
03-Jun-2020 12:48:24.928 INFO  pages.ProductsPage -save button is displayed
03-Jun-2020 12:48:25.468 INFO  pages.ProductsPage -save button is clicked
03-Jun-2020 12:48:28.821 INFO  pages.ProductsPage -clickTimeline is displayed
03-Jun-2020 12:48:29.736 INFO  pages.ProductsPage -clickTimeline is clicked
03-Jun-2020 12:49:00.591 DEBUG generics.BaseTest -Element is not clickable
03-Jun-2020 12:49:00.591 INFO  pages.ProductsPage -clickNewVersion is displayed
03-Jun-2020 12:49:00.591 INFO  CommonDP.ProductsScript -Switch to New Version  button not visible
03-Jun-2020 12:49:00.752 INFO  pages.ProductsPage -clickTimeline is displayed
03-Jun-2020 12:49:01.005 INFO  pages.ProductsPage -clickTimeline is clicked
03-Jun-2020 12:49:01.221 INFO  pages.ProductsPage -clickOverview is displayed
03-Jun-2020 12:49:02.094 INFO  pages.ProductsPage -clickOverview is clicked
03-Jun-2020 12:49:02.256 INFO  pages.ProductsPage -=======================================================================
03-Jun-2020 12:49:02.257 INFO  pages.ProductsPage -=======================================================================
03-Jun-2020 12:49:03.090 INFO  pages.ProductsPage -Products button is clicked
03-Jun-2020 12:49:03.600 INFO  pages.LoginPage -logOut link is displayed
03-Jun-2020 12:49:05.043 INFO  pages.LoginPage -logOut link is clicked
03-Jun-2020 12:49:05.401 INFO  pages.LoginPage -logOut button is displayed
03-Jun-2020 12:49:10.693 INFO  pages.LoginPage -logOut button is clicked
03-Jun-2020 12:49:10.695 INFO  generics.BaseTest -createProductsOrderis sucessfully executed
03-Jun-2020 12:49:16.297 INFO  generics.BaseTest -=======================================================================
03-Jun-2020 12:49:16.298 DEBUG generics.BaseTest -Chrome browser is launched successfully!!
03-Jun-2020 12:49:16.298 INFO  generics.BaseTest -=======================================================================
03-Jun-2020 12:49:16.299 INFO  generics.BaseTest -Path set up successful
03-Jun-2020 12:49:16.718 INFO  pages.LoginPage -=======================================================================
03-Jun-2020 12:49:16.718 INFO  pages.LoginPage -Initialization of elements successfull for Login Page elements!!
03-Jun-2020 12:49:16.718 INFO  pages.LoginPage -=======================================================================
03-Jun-2020 12:49:18.937 INFO  generics.BaseTest -Chrome browser window is maximized
03-Jun-2020 12:49:31.150 INFO  generics.BaseTest -Current url opened is: https://www.zoho.com/crm/crmplus
03-Jun-2020 12:49:32.025 INFO  pages.LoginPage -login button is displayed
03-Jun-2020 12:49:37.053 INFO  pages.LoginPage -login button is clicked
03-Jun-2020 12:49:37.434 INFO  pages.LoginPage -Email text field is displayed
03-Jun-2020 12:49:38.357 INFO  pages.LoginPage -Email is filled
03-Jun-2020 12:49:38.672 INFO  pages.LoginPage -Next Button is displayed
03-Jun-2020 12:49:38.937 INFO  pages.LoginPage -After Email NextBtn is clicked
03-Jun-2020 12:49:39.352 INFO  pages.LoginPage -Password text field is displayed
03-Jun-2020 12:49:39.782 INFO  pages.LoginPage -Password is filled
03-Jun-2020 12:49:40.057 INFO  pages.LoginPage -Sign in button is displayed
03-Jun-2020 12:49:40.337 INFO  pages.LoginPage -Sign in button is clicked
03-Jun-2020 12:50:02.096 DEBUG generics.BaseTest -Element is not clickable
03-Jun-2020 12:50:02.096 INFO  pages.LoginPage -yes I understand is visible
03-Jun-2020 12:50:02.096 INFO  CommonDP.PriceBookScript -(Yes I understand) is not Displayed, but handled
03-Jun-2020 12:50:02.097 INFO  generics.BaseTest -loginis sucessfully executed
03-Jun-2020 12:50:03.031 INFO  pages.PriceBooksPage -=======================================================================
03-Jun-2020 12:50:03.032 INFO  pages.PriceBooksPage -Initialization of elements successfull for Price Books Page elements!!
03-Jun-2020 12:50:03.032 INFO  pages.PriceBooksPage -=======================================================================
03-Jun-2020 12:50:07.025 INFO  pages.PriceBooksPage -moreOptions button is displayed
03-Jun-2020 12:50:10.618 INFO  pages.PriceBooksPage -moreOptions button is clicked
03-Jun-2020 12:50:29.063 DEBUG generics.BaseTest -Element is not clickable
03-Jun-2020 12:50:29.063 INFO  pages.PriceBooksPage -searchBox textbox is displayed
03-Jun-2020 12:50:29.088 INFO  generics.BaseTest -createPriceBooksis failed
03-Jun-2020 12:50:30.578 INFO  generics.BaseTest -Screenshot is taken for the failed method: createPriceBooks
03-Jun-2020 12:50:38.388 INFO  generics.BaseTest -=======================================================================
03-Jun-2020 12:50:38.388 DEBUG generics.BaseTest -Chrome browser is launched successfully!!
03-Jun-2020 12:50:38.388 INFO  generics.BaseTest -=======================================================================
03-Jun-2020 12:50:38.390 INFO  generics.BaseTest -Path set up successful
03-Jun-2020 12:50:39.261 INFO  pages.LoginPage -=======================================================================
03-Jun-2020 12:50:39.262 INFO  pages.LoginPage -Initialization of elements successfull for Login Page elements!!
03-Jun-2020 12:50:39.262 INFO  pages.LoginPage -=======================================================================
03-Jun-2020 12:50:41.750 INFO  generics.BaseTest -Chrome browser window is maximized
03-Jun-2020 12:50:59.988 INFO  generics.BaseTest -Current url opened is: https://www.zoho.com/crm/crmplus
03-Jun-2020 12:51:03.879 INFO  pages.LoginPage -login button is displayed
03-Jun-2020 12:51:10.230 INFO  pages.LoginPage -login button is clicked
03-Jun-2020 12:51:10.483 INFO  pages.LoginPage -Email text field is displayed
03-Jun-2020 12:51:11.453 INFO  pages.LoginPage -Email is filled
03-Jun-2020 12:51:11.842 INFO  pages.LoginPage -Next Button is displayed
03-Jun-2020 12:51:12.135 INFO  pages.LoginPage -After Email NextBtn is clicked
03-Jun-2020 12:51:12.590 INFO  pages.LoginPage -Password text field is displayed
03-Jun-2020 12:51:13.152 INFO  pages.LoginPage -Password is filled
03-Jun-2020 12:51:13.466 INFO  pages.LoginPage -Sign in button is displayed
03-Jun-2020 12:51:13.693 INFO  pages.LoginPage -Sign in button is clicked
03-Jun-2020 12:51:34.270 DEBUG generics.BaseTest -Element is not clickable
03-Jun-2020 12:51:34.270 INFO  pages.LoginPage -yes I understand is visible
03-Jun-2020 12:51:34.271 INFO  CommonDP.QuotesScript -(Yes I understand) is not Displayed, but handled
03-Jun-2020 12:51:34.272 INFO  generics.BaseTest -loginis sucessfully executed
03-Jun-2020 12:51:34.825 INFO  pages.QuotesPage -=======================================================================
03-Jun-2020 12:51:34.825 INFO  pages.QuotesPage -Initialization of elements successful for Quotes elements!!
03-Jun-2020 12:51:34.825 INFO  pages.QuotesPage -=======================================================================
03-Jun-2020 12:51:37.007 INFO  pages.QuotesPage -quotesLink is displayed
03-Jun-2020 12:51:38.094 INFO  pages.QuotesPage -quotesLink is clicked
03-Jun-2020 12:51:57.456 INFO  pages.QuotesPage -=======================================================================
03-Jun-2020 12:51:57.456 INFO  pages.QuotesPage -Switch to Purchase Orders module frame successful
03-Jun-2020 12:51:57.456 INFO  pages.QuotesPage -=======================================================================
03-Jun-2020 12:52:29.588 DEBUG generics.BaseTest -Element is not clickable
03-Jun-2020 12:53:00.309 DEBUG generics.BaseTest -Element is not clickable
03-Jun-2020 12:53:00.310 INFO  pages.QuotesPage -createAnotherQuote button is displayed
03-Jun-2020 12:53:00.310 INFO  CommonDP.QuotesScript -Create Another Quote handled
03-Jun-2020 12:53:31.031 DEBUG generics.BaseTest -Element is not clickable
03-Jun-2020 12:53:31.031 INFO  pages.QuotesPage -dealNameLookUpIcon is displayed
03-Jun-2020 12:53:31.033 INFO  generics.BaseTest -createQuoteis failed
03-Jun-2020 12:53:31.498 INFO  generics.BaseTest -Screenshot is taken for the failed method: createQuote
03-Jun-2020 12:53:36.326 INFO  generics.BaseTest -=======================================================================
03-Jun-2020 12:53:36.327 DEBUG generics.BaseTest -Chrome browser is launched successfully!!
03-Jun-2020 12:53:36.327 INFO  generics.BaseTest -=======================================================================
03-Jun-2020 12:53:36.327 INFO  generics.BaseTest -Path set up successful
03-Jun-2020 12:53:36.578 INFO  pages.LoginPage -=======================================================================
03-Jun-2020 12:53:36.579 INFO  pages.LoginPage -Initialization of elements successfull for Login Page elements!!
03-Jun-2020 12:53:36.579 INFO  pages.LoginPage -=======================================================================
03-Jun-2020 12:53:38.744 INFO  generics.BaseTest -Chrome browser window is maximized
03-Jun-2020 12:53:47.108 INFO  generics.BaseTest -Current url opened is: https://www.zoho.com/crm/crmplus
03-Jun-2020 12:53:49.135 INFO  pages.LoginPage -login button is displayed
03-Jun-2020 12:53:54.315 INFO  pages.LoginPage -login button is clicked
03-Jun-2020 12:53:55.027 INFO  pages.LoginPage -Email text field is displayed
03-Jun-2020 12:53:56.303 INFO  pages.LoginPage -Email is filled
03-Jun-2020 12:53:56.652 INFO  pages.LoginPage -Next Button is displayed
03-Jun-2020 12:53:57.185 INFO  pages.LoginPage -After Email NextBtn is clicked
03-Jun-2020 12:53:57.620 INFO  pages.LoginPage -Password text field is displayed
03-Jun-2020 12:53:58.452 INFO  pages.LoginPage -Password is filled
03-Jun-2020 12:53:58.782 INFO  pages.LoginPage -Sign in button is displayed
03-Jun-2020 12:53:59.071 INFO  pages.LoginPage -Sign in button is clicked
03-Jun-2020 12:54:21.992 DEBUG generics.BaseTest -Element is not clickable
03-Jun-2020 12:54:21.993 INFO  pages.LoginPage -yes I understand is visible
03-Jun-2020 12:54:21.993 INFO  CommonDP.PurchaseOrdersScript -(Yes I understand) is not Displayed, but handled
03-Jun-2020 12:54:21.996 INFO  generics.BaseTest -loginis sucessfully executed
03-Jun-2020 12:54:22.579 INFO  pages.PurchaseOrdersPage -=======================================================================
03-Jun-2020 12:54:22.579 INFO  pages.PurchaseOrdersPage -Initialization of elements successfull for Purchase Order elements!!
03-Jun-2020 12:54:22.579 INFO  pages.PurchaseOrdersPage -=======================================================================
03-Jun-2020 12:54:34.071 INFO  pages.PurchaseOrdersPage -moreOptions textfield is displayed
03-Jun-2020 12:54:41.294 INFO  pages.PurchaseOrdersPage -moreOptions is clicked
03-Jun-2020 12:54:43.509 INFO  pages.PurchaseOrdersPage -searchBox textfield is displayed
03-Jun-2020 12:54:49.073 INFO  pages.PurchaseOrdersPage -searchBox is filled
03-Jun-2020 12:54:51.900 INFO  pages.PurchaseOrdersPage -purchaseOrders link is displayed
03-Jun-2020 12:54:54.524 INFO  pages.PurchaseOrdersPage -purchaseOrders is clicked
03-Jun-2020 12:54:59.481 INFO  pages.PurchaseOrdersPage -=======================================================================
03-Jun-2020 12:54:59.481 INFO  pages.PurchaseOrdersPage -Switch to Purchase Orders module frame successful
03-Jun-2020 12:54:59.481 INFO  pages.PurchaseOrdersPage -=======================================================================
03-Jun-2020 12:55:30.305 DEBUG generics.BaseTest -Element is not clickable
03-Jun-2020 12:55:30.306 INFO  pages.PurchaseOrdersPage -Create New Purchase Order button displayed
03-Jun-2020 12:55:30.306 INFO  pages.PurchaseOrdersPage -Create New Purchase Order button is not displayed
03-Jun-2020 12:55:30.522 INFO  pages.PurchaseOrdersPage -createAnother Purchase Order button is displayed
03-Jun-2020 12:55:31.126 INFO  pages.PurchaseOrdersPage -createAnother Purchase Order button is clicked
03-Jun-2020 12:55:33.738 INFO  pages.PurchaseOrdersPage -poNumber textfield is displayed
03-Jun-2020 12:55:37.191 INFO  pages.PurchaseOrdersPage -poNumber is filled
03-Jun-2020 12:55:37.558 INFO  pages.PurchaseOrdersPage -subject textfield is displayed
03-Jun-2020 12:55:38.499 INFO  pages.PurchaseOrdersPage -subject is filled
03-Jun-2020 12:55:38.867 INFO  pages.PurchaseOrdersPage -vendorNameLookUpIcon textfield is displayed
03-Jun-2020 12:55:39.336 INFO  pages.PurchaseOrdersPage -vendorNameLookUpIcon is clicked
03-Jun-2020 12:55:40.463 INFO  pages.PurchaseOrdersPage -newVendorClick is displayed
03-Jun-2020 12:55:40.943 INFO  pages.PurchaseOrdersPage -newVendorClick is clicked
03-Jun-2020 12:55:41.808 INFO  pages.PurchaseOrdersPage -vendorName is displayed
03-Jun-2020 12:55:42.654 INFO  pages.PurchaseOrdersPage -vendorName is filled
03-Jun-2020 12:55:42.794 INFO  pages.PurchaseOrdersPage -vendorPhone is displayed
03-Jun-2020 12:55:43.278 INFO  pages.PurchaseOrdersPage -vendorPhone is filled
03-Jun-2020 12:55:43.414 INFO  pages.PurchaseOrdersPage -vendorEmail is displayed
03-Jun-2020 12:55:44.318 INFO  pages.PurchaseOrdersPage -vendorEmail is filled
03-Jun-2020 12:55:44.516 INFO  pages.PurchaseOrdersPage -saveVendor is displayed
03-Jun-2020 12:55:44.836 INFO  pages.PurchaseOrdersPage -saveVendor is clicked
03-Jun-2020 12:55:46.385 INFO  pages.PurchaseOrdersPage -vendorSelect is displayed
03-Jun-2020 12:55:46.767 INFO  pages.PurchaseOrdersPage -vendorSelect is clicked
03-Jun-2020 12:55:47.135 INFO  pages.PurchaseOrdersPage -requisitionNumber is displayed
03-Jun-2020 12:55:47.687 INFO  pages.PurchaseOrdersPage -requisitionNumber is filled
03-Jun-2020 12:55:47.829 INFO  pages.PurchaseOrdersPage -trackingNumber is displayed
03-Jun-2020 12:55:48.350 INFO  pages.PurchaseOrdersPage -trackingNumber is filled
03-Jun-2020 12:55:48.544 INFO  pages.PurchaseOrdersPage -contactNameLookUpIconInPO is displayed
03-Jun-2020 12:55:48.976 INFO  pages.PurchaseOrdersPage -contactNameLookUpIconInPO is clicked
03-Jun-2020 12:55:49.968 INFO  pages.PurchaseOrdersPage -chooseContact is displayed
03-Jun-2020 12:55:50.476 INFO  pages.PurchaseOrdersPage -chooseContact is clicked
03-Jun-2020 12:55:50.733 INFO  pages.PurchaseOrdersPage -poDate is displayed
03-Jun-2020 12:55:51.816 INFO  pages.PurchaseOrdersPage -poDate is filled
03-Jun-2020 12:55:51.969 INFO  pages.PurchaseOrdersPage -poDueDate is displayed
03-Jun-2020 12:55:52.750 INFO  pages.PurchaseOrdersPage -poDueDate is filled
03-Jun-2020 12:55:52.955 INFO  pages.PurchaseOrdersPage -carrierListBoxClick is displayed
03-Jun-2020 12:55:53.408 INFO  pages.PurchaseOrdersPage -carrierListBoxClick is clicked
03-Jun-2020 12:55:53.708 INFO  pages.PurchaseOrdersPage -carrierSelect is displayed
03-Jun-2020 12:55:54.144 INFO  pages.PurchaseOrdersPage -carrierSelect is clicked
03-Jun-2020 12:55:54.347 INFO  pages.PurchaseOrdersPage -exciseDuty is displayed
03-Jun-2020 12:55:54.632 INFO  pages.PurchaseOrdersPage -exciseDuty is filled
03-Jun-2020 12:55:54.766 INFO  pages.PurchaseOrdersPage -salesCommission is displayed
03-Jun-2020 12:55:55.027 INFO  pages.PurchaseOrdersPage -salesCommission is filled
03-Jun-2020 12:55:55.273 INFO  pages.PurchaseOrdersPage -statusClick is displayed
03-Jun-2020 12:55:55.923 INFO  pages.PurchaseOrdersPage -statusClick is clicked
03-Jun-2020 12:55:56.178 INFO  pages.PurchaseOrdersPage -statusSelect is displayed
03-Jun-2020 12:55:56.538 INFO  pages.PurchaseOrdersPage -statusSelect is clicked
03-Jun-2020 12:55:56.715 INFO  pages.PurchaseOrdersPage -billingStreet is displayed
03-Jun-2020 12:55:57.442 INFO  pages.PurchaseOrdersPage -billingStreet is filled
03-Jun-2020 12:55:57.585 INFO  pages.PurchaseOrdersPage -billingCity is displayed
03-Jun-2020 12:55:58.058 INFO  pages.PurchaseOrdersPage -billingCity is filled
03-Jun-2020 12:55:58.192 INFO  pages.PurchaseOrdersPage -billingState is displayed
03-Jun-2020 12:55:58.731 INFO  pages.PurchaseOrdersPage -billingState is filled
03-Jun-2020 12:55:58.932 INFO  pages.PurchaseOrdersPage -billingCode is displayed
03-Jun-2020 12:55:59.288 INFO  pages.PurchaseOrdersPage -billingCode is filled
03-Jun-2020 12:55:59.424 INFO  pages.PurchaseOrdersPage -billingCountry is displayed
03-Jun-2020 12:55:59.816 INFO  pages.PurchaseOrdersPage -billingCountry is filled
03-Jun-2020 12:56:00.066 INFO  pages.PurchaseOrdersPage -copyAddressClick is displayed
03-Jun-2020 12:56:00.561 INFO  pages.PurchaseOrdersPage -copyAddressClick is clicked
03-Jun-2020 12:56:00.788 INFO  pages.PurchaseOrdersPage -copyAddressSelect is displayed
03-Jun-2020 12:56:01.088 INFO  pages.PurchaseOrdersPage -copyAddressSelect is clicked
03-Jun-2020 12:56:01.372 INFO  pages.PurchaseOrdersPage -addLineItemsClick is displayed
03-Jun-2020 12:56:02.337 INFO  pages.PurchaseOrdersPage -addLineItemsClick is clicked
03-Jun-2020 12:56:04.255 INFO  pages.PurchaseOrdersPage -checkboxVendor is displayed and action click is performed on it
03-Jun-2020 12:56:04.457 INFO  pages.PurchaseOrdersPage -searchProdName is displayed
03-Jun-2020 12:56:04.837 INFO  pages.PurchaseOrdersPage -searchProdName is clicked
03-Jun-2020 12:56:04.942 INFO  pages.PurchaseOrdersPage -prodNameSearch is displayed
03-Jun-2020 12:56:05.434 INFO  pages.PurchaseOrdersPage -prodNameSearch is filled
03-Jun-2020 12:56:06.470 INFO  pages.PurchaseOrdersPage -searchProdName is displayed
03-Jun-2020 12:56:07.186 INFO  pages.PurchaseOrdersPage -searchProdName is clicked
03-Jun-2020 12:56:07.346 INFO  pages.PurchaseOrdersPage -quantityEnter is displayed
03-Jun-2020 12:56:07.709 INFO  pages.PurchaseOrdersPage -quantityEnter is clicked
03-Jun-2020 12:56:07.916 INFO  pages.PurchaseOrdersPage -addproductButtonInChooseProducts is displayed
03-Jun-2020 12:56:08.971 INFO  pages.PurchaseOrdersPage -addproductButtonInChooseProducts is clicked
03-Jun-2020 12:56:09.126 INFO  pages.PurchaseOrdersPage -termsAndConditions is displayed
03-Jun-2020 12:56:10.757 INFO  pages.PurchaseOrdersPage -termsAndConditions is clicked
03-Jun-2020 12:56:10.896 INFO  pages.PurchaseOrdersPage -description is displayed
03-Jun-2020 12:56:13.495 INFO  pages.PurchaseOrdersPage -description is filled
03-Jun-2020 12:56:13.654 INFO  pages.PurchaseOrdersPage -Scroll to view to: [[ChromeDriver: chrome on WINDOWS (92d3522fd78a33269a79917661229b53)] -> xpath: //td[text()=' Purchase Order Information  ']]
03-Jun-2020 12:56:13.909 INFO  pages.PurchaseOrdersPage -savePOButton is displayed
03-Jun-2020 12:56:14.353 INFO  pages.PurchaseOrdersPage -savePOButton is clicked
03-Jun-2020 12:56:14.393 INFO  pages.PurchaseOrdersPage -=======================================================================
03-Jun-2020 12:56:14.394 INFO  pages.PurchaseOrdersPage - Out of frame from Products module 
03-Jun-2020 12:56:14.394 INFO  pages.PurchaseOrdersPage -=======================================================================
03-Jun-2020 12:56:14.635 INFO  pages.PurchaseOrdersPage -Purchase Order link is displayed
03-Jun-2020 12:56:15.528 INFO  pages.PurchaseOrdersPage -Purchase Order link is clicked
03-Jun-2020 12:56:19.378 INFO  pages.LoginPage -logOut link is displayed
03-Jun-2020 12:56:19.909 INFO  pages.LoginPage -logOut link is clicked
03-Jun-2020 12:56:20.306 INFO  pages.LoginPage -logOut button is displayed
03-Jun-2020 12:56:28.239 INFO  pages.LoginPage -logOut button is clicked
03-Jun-2020 12:56:28.241 INFO  generics.BaseTest -createPurchaseOrdersis sucessfully executed
03-Jun-2020 12:56:33.456 INFO  generics.BaseTest -=======================================================================
03-Jun-2020 12:56:33.457 DEBUG generics.BaseTest -Chrome browser is launched successfully!!
03-Jun-2020 12:56:33.457 INFO  generics.BaseTest -=======================================================================
03-Jun-2020 12:56:33.458 INFO  generics.BaseTest -Path set up successful
03-Jun-2020 12:56:33.691 INFO  pages.LoginPage -=======================================================================
03-Jun-2020 12:56:33.692 INFO  pages.LoginPage -Initialization of elements successfull for Login Page elements!!
03-Jun-2020 12:56:33.692 INFO  pages.LoginPage -=======================================================================
03-Jun-2020 12:56:35.887 INFO  generics.BaseTest -Chrome browser window is maximized
03-Jun-2020 12:56:48.465 INFO  generics.BaseTest -Current url opened is: https://www.zoho.com/crm/crmplus
03-Jun-2020 12:56:49.092 INFO  pages.LoginPage -login button is displayed
03-Jun-2020 12:56:53.127 INFO  pages.LoginPage -login button is clicked
03-Jun-2020 12:56:54.778 INFO  pages.LoginPage -Email text field is displayed
03-Jun-2020 12:56:56.587 INFO  pages.LoginPage -Email is filled
03-Jun-2020 12:56:56.873 INFO  pages.LoginPage -Next Button is displayed
03-Jun-2020 12:56:57.132 INFO  pages.LoginPage -After Email NextBtn is clicked
03-Jun-2020 12:56:57.527 INFO  pages.LoginPage -Password text field is displayed
03-Jun-2020 12:56:58.080 INFO  pages.LoginPage -Password is filled
03-Jun-2020 12:56:58.404 INFO  pages.LoginPage -Sign in button is displayed
03-Jun-2020 12:56:58.638 INFO  pages.LoginPage -Sign in button is clicked
03-Jun-2020 12:57:20.672 DEBUG generics.BaseTest -Element is not clickable
03-Jun-2020 12:57:20.672 INFO  pages.LoginPage -yes I understand is visible
03-Jun-2020 12:57:20.673 INFO  CommonDP.SalesOrdersScript -(Yes I understand) is not Displayed, but handled
03-Jun-2020 12:57:20.674 INFO  generics.BaseTest -loginis sucessfully executed
03-Jun-2020 12:57:21.541 INFO  pages.SalesOrdersPage -=======================================================================
03-Jun-2020 12:57:21.541 INFO  pages.SalesOrdersPage -Initialization of elements successfull for Sales Order elements!!
03-Jun-2020 12:57:21.541 INFO  pages.SalesOrdersPage -=======================================================================
03-Jun-2020 12:57:34.134 INFO  pages.SalesOrdersPage -moreOptions button is displayed
03-Jun-2020 12:57:42.421 INFO  pages.SalesOrdersPage -moreOptions is clicked
03-Jun-2020 12:57:44.023 INFO  pages.SalesOrdersPage -searchBox textfield is displayed
03-Jun-2020 12:57:48.326 INFO  pages.SalesOrdersPage -searchBox is filled
03-Jun-2020 12:57:50.865 INFO  pages.SalesOrdersPage -salesOrders search is displayed
03-Jun-2020 12:57:52.497 INFO  pages.SalesOrdersPage -salesOrders is clicked
03-Jun-2020 12:57:56.530 INFO  pages.SalesOrdersPage -=======================================================================
03-Jun-2020 12:57:56.530 INFO  pages.SalesOrdersPage -Switch to Purchase Orders module frame successful
03-Jun-2020 12:57:56.530 INFO  pages.SalesOrdersPage -=======================================================================
03-Jun-2020 12:58:27.362 DEBUG generics.BaseTest -Element is not clickable
03-Jun-2020 12:58:27.571 INFO  pages.SalesOrdersPage -createAnotherSalesOrders button is displayed
03-Jun-2020 12:58:28.136 INFO  pages.SalesOrdersPage -createAnotherSalesOrders button is clicked
03-Jun-2020 12:58:30.329 INFO  pages.SalesOrdersPage -quoteNameLookUp Icon is displayed
03-Jun-2020 12:58:30.788 INFO  pages.SalesOrdersPage -quoteNameLookUp Icon is clicked
03-Jun-2020 12:58:32.133 INFO  pages.SalesOrdersPage -selectQuote list is displayed
03-Jun-2020 12:58:32.594 INFO  pages.SalesOrdersPage -selectQuote list is clicked
03-Jun-2020 12:58:36.101 INFO  pages.SalesOrdersPage -Element is found successfully again in the Dome page
03-Jun-2020 12:58:36.323 INFO  pages.SalesOrdersPage -custNumber is displayed
03-Jun-2020 12:58:37.526 INFO  pages.SalesOrdersPage -custNumber is filled
03-Jun-2020 12:58:37.687 INFO  pages.SalesOrdersPage -DueDate is displayed
03-Jun-2020 12:58:39.022 INFO  pages.SalesOrdersPage -DueDate is filled
03-Jun-2020 12:58:39.203 INFO  pages.SalesOrdersPage -pending is displayed
03-Jun-2020 12:58:39.735 INFO  pages.SalesOrdersPage -pending is filled
03-Jun-2020 12:58:39.896 INFO  pages.SalesOrdersPage -exciseDuty is displayed
03-Jun-2020 12:58:40.463 INFO  pages.SalesOrdersPage -exciseDuty is filled
03-Jun-2020 12:58:41.427 INFO  pages.SalesOrdersPage -statusClick is clicked
03-Jun-2020 12:58:41.783 INFO  pages.SalesOrdersPage -statusSelect is displayed
03-Jun-2020 12:58:42.334 INFO  pages.SalesOrdersPage -statusSelect is clicked
03-Jun-2020 12:58:42.482 INFO  pages.SalesOrdersPage -salesCommission is displayed
03-Jun-2020 12:58:42.900 INFO  pages.SalesOrdersPage -salesCommission is filled
03-Jun-2020 12:58:43.059 INFO  pages.SalesOrdersPage -termsAndConditions is displayed
03-Jun-2020 12:58:44.710 INFO  pages.SalesOrdersPage -termsAndConditions is filled
03-Jun-2020 12:58:44.899 INFO  pages.SalesOrdersPage -description is displayed
03-Jun-2020 12:58:46.571 INFO  pages.SalesOrdersPage -description is filled
03-Jun-2020 12:58:46.803 INFO  pages.SalesOrdersPage -saveSO Button is displayed
03-Jun-2020 12:58:47.377 INFO  pages.SalesOrdersPage -saveSO Button is clicked
03-Jun-2020 12:58:47.422 INFO  pages.SalesOrdersPage -=======================================================================
03-Jun-2020 12:58:47.422 INFO  pages.SalesOrdersPage - Out of frame from Products module 
03-Jun-2020 12:58:47.423 INFO  pages.SalesOrdersPage -=======================================================================
03-Jun-2020 12:58:47.627 INFO  pages.SalesOrdersPage -Sales Order link is displayed
03-Jun-2020 12:58:48.070 INFO  pages.SalesOrdersPage -Sales Order link is clicked
03-Jun-2020 12:58:50.341 INFO  pages.LoginPage -logOut link is displayed
03-Jun-2020 12:58:50.795 INFO  pages.LoginPage -logOut link is clicked
03-Jun-2020 12:58:51.131 INFO  pages.LoginPage -logOut button is displayed
03-Jun-2020 12:58:57.010 INFO  pages.LoginPage -logOut button is clicked
03-Jun-2020 12:58:57.011 INFO  generics.BaseTest -createSalesOrdersis sucessfully executed
03-Jun-2020 14:55:51.329 INFO  generics.BaseTest -=======================================================================
03-Jun-2020 14:55:51.349 DEBUG generics.BaseTest -Chrome browser is launched successfully!!
03-Jun-2020 14:55:51.349 INFO  generics.BaseTest -=======================================================================
03-Jun-2020 14:55:51.350 INFO  generics.BaseTest -Path set up successful
03-Jun-2020 14:55:54.657 INFO  pages.LoginPage -=======================================================================
03-Jun-2020 14:55:54.658 INFO  pages.LoginPage -Initialization of elements successfull for Login Page elements!!
03-Jun-2020 14:55:54.658 INFO  pages.LoginPage -=======================================================================
03-Jun-2020 14:55:57.106 INFO  generics.BaseTest -Chrome browser window is maximized
03-Jun-2020 14:56:09.449 INFO  generics.BaseTest -Current url opened is: https://www.zoho.com/crm/crmplus
03-Jun-2020 14:56:10.042 INFO  pages.LoginPage -login button is displayed
03-Jun-2020 14:56:21.798 INFO  pages.LoginPage -login button is clicked
03-Jun-2020 14:56:22.029 INFO  pages.LoginPage -Email text field is displayed
03-Jun-2020 14:56:23.368 INFO  pages.LoginPage -Email is filled
03-Jun-2020 14:56:23.700 INFO  pages.LoginPage -Next Button is displayed
03-Jun-2020 14:56:24.166 INFO  pages.LoginPage -After Email NextBtn is clicked
03-Jun-2020 14:56:24.530 INFO  pages.LoginPage -Password text field is displayed
03-Jun-2020 14:56:25.025 INFO  pages.LoginPage -Password is filled
03-Jun-2020 14:56:25.481 INFO  pages.LoginPage -Sign in button is displayed
03-Jun-2020 14:56:25.706 INFO  pages.LoginPage -Sign in button is clicked
03-Jun-2020 14:57:03.865 DEBUG generics.BaseTest -Element is not clickable
03-Jun-2020 14:57:03.866 INFO  pages.LoginPage -yes I understand is visible
03-Jun-2020 14:57:03.867 INFO  CommonDP.ProductsScript -(Yes I understand) is not Displayed, but handled
03-Jun-2020 14:57:03.880 INFO  generics.BaseTest -loginis sucessfully executed
03-Jun-2020 14:57:04.913 INFO  pages.ProductsPage -=======================================================================
03-Jun-2020 14:57:04.913 INFO  pages.ProductsPage -Initialization of elements successfull for Products Page elements!!
03-Jun-2020 14:57:04.913 INFO  pages.ProductsPage -=======================================================================
03-Jun-2020 14:57:12.686 INFO  pages.ProductsPage -moreOptions textfield is displayed
03-Jun-2020 14:57:14.834 INFO  pages.ProductsPage -moreOptions is clicked
03-Jun-2020 14:57:15.345 INFO  pages.ProductsPage -searchBox textfield is displayed
03-Jun-2020 14:57:16.877 INFO  pages.ProductsPage -searchBox is filled
03-Jun-2020 14:57:17.411 INFO  pages.ProductsPage -purchaseOrders link is displayed
03-Jun-2020 14:57:17.882 INFO  pages.ProductsPage -purchaseOrders is clicked
03-Jun-2020 14:57:29.981 INFO  pages.ProductsPage -=======================================================================
03-Jun-2020 14:57:29.982 INFO  pages.ProductsPage -=======================================================================
03-Jun-2020 14:58:00.776 DEBUG generics.BaseTest -Element is not clickable
03-Jun-2020 14:58:00.777 INFO  CommonDP.ProductsScript -Clicked on create Products link
03-Jun-2020 14:58:21.221 INFO  pages.ProductsPage -createAnotherProducts button is displayed
03-Jun-2020 14:58:21.910 INFO  pages.ProductsPage -createAnotherProducts button is clicked
03-Jun-2020 14:58:21.911 INFO  CommonDP.ProductsScript -Clicked on create Another Products link
03-Jun-2020 14:58:24.532 INFO  pages.ProductsPage -productName textfield is displayed
03-Jun-2020 14:58:37.591 INFO  pages.ProductsPage -productName is filled
03-Jun-2020 14:58:37.788 INFO  pages.ProductsPage -productCode textfield is displayed
03-Jun-2020 14:58:39.446 INFO  pages.ProductsPage -productCode is filled
03-Jun-2020 14:58:39.638 INFO  pages.ProductsPage -vendorLookUpIcon is displayed
03-Jun-2020 14:58:40.006 INFO  pages.ProductsPage -vendorLookUpIcon is clicked
03-Jun-2020 14:58:41.212 INFO  pages.ProductsPage -addNewVendor button is displayed
03-Jun-2020 14:58:41.576 INFO  pages.ProductsPage -addNewVendor button is clicked
03-Jun-2020 14:58:42.266 INFO  pages.ProductsPage -vendorName textfield is displayed
03-Jun-2020 14:58:43.065 INFO  pages.ProductsPage -vendorName is filled
03-Jun-2020 14:58:43.345 INFO  pages.ProductsPage -vendorPhone textfield is displayed
03-Jun-2020 14:58:43.952 INFO  pages.ProductsPage -vendorPhone is filled
03-Jun-2020 14:58:44.282 INFO  pages.ProductsPage -vendorEmail textfield is displayed
03-Jun-2020 14:58:44.889 INFO  pages.ProductsPage -vendorEmail is filled
03-Jun-2020 14:58:45.122 INFO  pages.ProductsPage -vendorSave button is displayed
03-Jun-2020 14:58:45.487 INFO  pages.ProductsPage -vendorSave button is clicked
03-Jun-2020 14:58:47.127 INFO  pages.ProductsPage -selectVendor is displayed
03-Jun-2020 14:58:47.690 INFO  pages.ProductsPage -selectVendor is clicked
03-Jun-2020 14:58:48.269 INFO  pages.ProductsPage -selectManufacturer is displayed
03-Jun-2020 14:58:48.894 INFO  pages.ProductsPage -selectManufacturer is clicked
03-Jun-2020 14:58:49.294 INFO  pages.ProductsPage -selManftr is displayed
03-Jun-2020 14:58:49.849 INFO  pages.ProductsPage -selManftr is clicked
03-Jun-2020 14:58:50.109 INFO  pages.ProductsPage -clickProdCategory is displayed
03-Jun-2020 14:58:50.594 INFO  pages.ProductsPage -clickProdCategory is clicked
03-Jun-2020 14:58:50.941 INFO  pages.ProductsPage -selectProdCategory is displayed
03-Jun-2020 14:58:51.438 INFO  pages.ProductsPage -selectProdCategory is clicked
03-Jun-2020 14:58:51.639 INFO  pages.ProductsPage -startDate is displayed
03-Jun-2020 14:58:52.393 INFO  pages.ProductsPage -startDate is filled
03-Jun-2020 14:58:52.598 INFO  pages.ProductsPage -endDate is displayed
03-Jun-2020 14:58:53.377 INFO  pages.ProductsPage -endDate is filled
03-Jun-2020 14:58:53.551 INFO  pages.ProductsPage -supportStartDate is displayed
03-Jun-2020 14:58:54.494 INFO  pages.ProductsPage -supportStartDate is filled
03-Jun-2020 14:58:54.679 INFO  pages.ProductsPage -suppExpiryDate is displayed
03-Jun-2020 14:58:55.448 INFO  pages.ProductsPage -suppExpiryDate is filled
03-Jun-2020 14:58:55.617 INFO  pages.ProductsPage -unitPrice is displayed
03-Jun-2020 14:58:56.279 INFO  pages.ProductsPage -unitPrice is filled
03-Jun-2020 14:58:56.482 INFO  pages.ProductsPage -commRate is displayed
03-Jun-2020 14:58:56.737 INFO  pages.ProductsPage -commRate is filled
03-Jun-2020 14:58:56.997 INFO  pages.ProductsPage -tax is displayed
03-Jun-2020 14:58:57.357 INFO  pages.ProductsPage -tax is clicked
03-Jun-2020 14:58:57.859 INFO  pages.ProductsPage -salesTax is displayed
03-Jun-2020 14:58:58.780 INFO  pages.ProductsPage -selUsage is displayed
03-Jun-2020 14:58:59.717 INFO  pages.ProductsPage -selUsage is clicked
03-Jun-2020 14:58:59.981 INFO  pages.ProductsPage -selUsageUnit is displayed
03-Jun-2020 14:59:00.443 INFO  pages.ProductsPage -selUsageUnit is clicked
03-Jun-2020 14:59:00.636 INFO  pages.ProductsPage -qtyOrdered is displayed
03-Jun-2020 14:59:00.988 INFO  pages.ProductsPage -qtyOrdered is filled
03-Jun-2020 14:59:01.182 INFO  pages.ProductsPage -qtyStock is displayed
03-Jun-2020 14:59:01.479 INFO  pages.ProductsPage -qtyStock is filled
03-Jun-2020 14:59:01.630 INFO  pages.ProductsPage -reOrderLevel is displayed
03-Jun-2020 14:59:01.920 INFO  pages.ProductsPage -reOrderLevel is filled
03-Jun-2020 14:59:02.132 INFO  pages.ProductsPage -clickHandler is displayed
03-Jun-2020 14:59:02.904 INFO  pages.ProductsPage -clickHandler is clicked
03-Jun-2020 14:59:03.151 INFO  pages.ProductsPage -selHandler is displayed
03-Jun-2020 14:59:03.590 INFO  pages.ProductsPage -selHandler is clicked
03-Jun-2020 14:59:03.899 INFO  pages.ProductsPage -qtyDemand is displayed
03-Jun-2020 14:59:04.301 INFO  pages.ProductsPage -qtyDemand is clicked
03-Jun-2020 14:59:04.589 INFO  pages.ProductsPage -prodDescription is displayed
03-Jun-2020 14:59:06.295 INFO  pages.ProductsPage -prodDescription is clicked
03-Jun-2020 14:59:06.547 INFO  pages.ProductsPage -save button is displayed
03-Jun-2020 14:59:07.063 INFO  pages.ProductsPage -save button is clicked
03-Jun-2020 14:59:10.555 INFO  pages.ProductsPage -clickTimeline is displayed
03-Jun-2020 14:59:11.764 INFO  pages.ProductsPage -clickTimeline is clicked
03-Jun-2020 14:59:42.503 DEBUG generics.BaseTest -Element is not clickable
03-Jun-2020 14:59:42.503 INFO  pages.ProductsPage -clickNewVersion is displayed
03-Jun-2020 14:59:42.503 INFO  CommonDP.ProductsScript -Switch to New Version  button not visible
03-Jun-2020 14:59:42.655 INFO  pages.ProductsPage -clickTimeline is displayed
03-Jun-2020 14:59:42.888 INFO  pages.ProductsPage -clickTimeline is clicked
03-Jun-2020 14:59:43.122 INFO  pages.ProductsPage -clickOverview is displayed
03-Jun-2020 14:59:43.688 INFO  pages.ProductsPage -clickOverview is clicked
03-Jun-2020 14:59:43.797 INFO  pages.ProductsPage -=======================================================================
03-Jun-2020 14:59:43.797 INFO  pages.ProductsPage -=======================================================================
03-Jun-2020 14:59:44.507 INFO  pages.ProductsPage -Products button is clicked
03-Jun-2020 14:59:45.186 INFO  pages.LoginPage -logOut link is displayed
03-Jun-2020 14:59:47.175 INFO  pages.LoginPage -logOut link is clicked
03-Jun-2020 14:59:47.477 INFO  pages.LoginPage -logOut button is displayed
03-Jun-2020 14:59:52.577 INFO  pages.LoginPage -logOut button is clicked
03-Jun-2020 14:59:52.580 INFO  generics.BaseTest -createProductsOrderis sucessfully executed
03-Jun-2020 14:59:58.295 INFO  generics.BaseTest -=======================================================================
03-Jun-2020 14:59:58.295 DEBUG generics.BaseTest -Chrome browser is launched successfully!!
03-Jun-2020 14:59:58.295 INFO  generics.BaseTest -=======================================================================
03-Jun-2020 14:59:58.296 INFO  generics.BaseTest -Path set up successful
03-Jun-2020 14:59:58.734 INFO  pages.LoginPage -=======================================================================
03-Jun-2020 14:59:58.735 INFO  pages.LoginPage -Initialization of elements successfull for Login Page elements!!
03-Jun-2020 14:59:58.735 INFO  pages.LoginPage -=======================================================================
03-Jun-2020 15:00:01.267 INFO  generics.BaseTest -Chrome browser window is maximized
03-Jun-2020 15:00:10.289 INFO  generics.BaseTest -Current url opened is: https://www.zoho.com/crm/crmplus
03-Jun-2020 15:00:10.963 INFO  pages.LoginPage -login button is displayed
03-Jun-2020 15:00:18.567 INFO  pages.LoginPage -login button is clicked
03-Jun-2020 15:00:18.814 INFO  pages.LoginPage -Email text field is displayed
03-Jun-2020 15:00:19.887 INFO  pages.LoginPage -Email is filled
03-Jun-2020 15:00:20.195 INFO  pages.LoginPage -Next Button is displayed
03-Jun-2020 15:00:20.422 INFO  pages.LoginPage -After Email NextBtn is clicked
03-Jun-2020 15:00:20.693 INFO  pages.LoginPage -Password text field is displayed
03-Jun-2020 15:00:21.258 INFO  pages.LoginPage -Password is filled
03-Jun-2020 15:00:21.546 INFO  pages.LoginPage -Sign in button is displayed
03-Jun-2020 15:00:21.769 INFO  pages.LoginPage -Sign in button is clicked
03-Jun-2020 15:00:43.109 DEBUG generics.BaseTest -Element is not clickable
03-Jun-2020 15:00:43.109 INFO  pages.LoginPage -yes I understand is visible
03-Jun-2020 15:00:43.109 INFO  CommonDP.PriceBookScript -(Yes I understand) is not Displayed, but handled
03-Jun-2020 15:00:43.111 INFO  generics.BaseTest -loginis sucessfully executed
03-Jun-2020 15:00:44.441 INFO  pages.PriceBooksPage -=======================================================================
03-Jun-2020 15:00:44.442 INFO  pages.PriceBooksPage -Initialization of elements successfull for Price Books Page elements!!
03-Jun-2020 15:00:44.442 INFO  pages.PriceBooksPage -=======================================================================
03-Jun-2020 15:00:47.657 INFO  pages.PriceBooksPage -moreOptions button is displayed
03-Jun-2020 15:00:48.249 INFO  pages.PriceBooksPage -moreOptions button is clicked
03-Jun-2020 15:00:48.588 INFO  pages.PriceBooksPage -searchBox textbox is displayed
03-Jun-2020 15:00:48.890 INFO  pages.PriceBooksPage -searchBox result is clicked
03-Jun-2020 15:00:50.551 INFO  pages.PriceBooksPage -priceBooks link is displayed
03-Jun-2020 15:01:00.333 INFO  pages.PriceBooksPage -priceBooks link is clicked
03-Jun-2020 15:01:50.251 DEBUG generics.BaseTest -Element is not clickable
03-Jun-2020 15:01:50.251 INFO  pages.PriceBooksPage -createAnotherPriceBooksButton button is displayed
03-Jun-2020 15:02:20.982 DEBUG generics.BaseTest -Element is not clickable
03-Jun-2020 15:02:20.983 INFO  pages.PriceBooksPage -priceBookName textfield is displayed
03-Jun-2020 15:02:21.005 INFO  generics.BaseTest -createPriceBooksis failed
03-Jun-2020 15:02:23.374 INFO  generics.BaseTest -Screenshot is taken for the failed method: createPriceBooks
